<?xml version="1.0" encoding="UTF-8"?>
<!-- Generated by org.testng.reporters.JUnitReportReporter -->
<testsuite hostname="DESKTOP-M0FLE7G" failures="0" tests="1" name="com.testcases.TC003_PersonalDetailsTest" time="93.638" errors="0" timestamp="2025-02-19T11:18:08 IST" skipped="0">
  <testcase classname="com.testcases.TC003_PersonalDetailsTest" name="add_employee_personalDeatails" time="93.638"/>
</testsuite> <!-- com.testcases.TC003_PersonalDetailsTest -->
