<?xml version="1.0" encoding="UTF-8"?>
<!-- Generated by org.testng.reporters.JUnitReportReporter -->
<testsuite hostname="DESKTOP-M0FLE7G" failures="0" tests="1" name="com.testcases.TC006_LoginAITest" time="4.039" errors="0" timestamp="2025-04-09T11:12:18 IST" skipped="0">
  <testcase classname="com.testcases.TC006_LoginAITest" name="login" time="4.039"/>
</testsuite> <!-- com.testcases.TC006_LoginAITest -->
