<?xml version="1.0" encoding="UTF-8"?>
<!-- Generated by org.testng.reporters.JUnitReportReporter -->
<testsuite hostname="DESKTOP-M0FLE7G" failures="0" tests="1" name="com.testcases.TC002_AddEmployeeTest" time="16.108" errors="0" timestamp="2025-02-08T14:22:38 IST" skipped="0">
  <testcase classname="com.testcases.TC002_AddEmployeeTest" name="add_employee_Details" time="16.108"/>
</testsuite> <!-- com.testcases.TC002_AddEmployeeTest -->
